Generated at 2025-07-21 13:18:04 +0000
NameError: uninitialized constant Chef::Resource::AxonopsAlertRule::Number
/root/axonops-chef/examples/rules/local-mode-cache/cache/cookbooks/axonops/libraries/axonops_alert_rule.rb:17:in `<class:AxonopsAlertRule>'
/root/axonops-chef/examples/rules/local-mode-cache/cache/cookbooks/axonops/libraries/axonops_alert_rule.rb:5:in `<class:Chef>'
/root/axonops-chef/examples/rules/local-mode-cache/cache/cookbooks/axonops/libraries/axonops_alert_rule.rb:4:in `<top (required)>'
/opt/chef/embedded/lib/ruby/gems/3.1.0/gems/chef-18.7.6/lib/chef/run_context/cookbook_compiler.rb:290:in `require'
/opt/chef/embedded/lib/ruby/gems/3.1.0/gems/chef-18.7.6/lib/chef/run_context/cookbook_compiler.rb:290:in `block in load_libraries_from_cookbook'
/opt/chef/embedded/lib/ruby/gems/3.1.0/gems/chef-18.7.6/lib/chef/run_context/cookbook_compiler.rb:431:in `block (2 levels) in each_file_in_cookbook_by_segment'
/opt/chef/embedded/lib/ruby/gems/3.1.0/gems/chef-18.7.6/lib/chef/run_context/cookbook_compiler.rb:428:in `each'
/opt/chef/embedded/lib/ruby/gems/3.1.0/gems/chef-18.7.6/lib/chef/run_context/cookbook_compiler.rb:428:in `block in each_file_in_cookbook_by_segment'
/opt/chef/embedded/lib/ruby/gems/3.1.0/gems/chef-18.7.6/lib/chef/run_context/cookbook_compiler.rb:427:in `each'
/opt/chef/embedded/lib/ruby/gems/3.1.0/gems/chef-18.7.6/lib/chef/run_context/cookbook_compiler.rb:427:in `each_file_in_cookbook_by_segment'
/opt/chef/embedded/lib/ruby/gems/3.1.0/gems/chef-18.7.6/lib/chef/run_context/cookbook_compiler.rb:287:in `load_libraries_from_cookbook'
/opt/chef/embedded/lib/ruby/gems/3.1.0/gems/chef-18.7.6/lib/chef/run_context/cookbook_compiler.rb:135:in `block in compile_libraries'
/opt/chef/embedded/lib/ruby/gems/3.1.0/gems/chef-18.7.6/lib/chef/run_context/cookbook_compiler.rb:132:in `each'
/opt/chef/embedded/lib/ruby/gems/3.1.0/gems/chef-18.7.6/lib/chef/run_context/cookbook_compiler.rb:132:in `compile_libraries'
/opt/chef/embedded/lib/ruby/gems/3.1.0/gems/chef-18.7.6/lib/chef/run_context/cookbook_compiler.rb:103:in `compile'
/opt/chef/embedded/lib/ruby/gems/3.1.0/gems/chef-18.7.6/lib/chef/run_context.rb:259:in `load'
/opt/chef/embedded/lib/ruby/gems/3.1.0/gems/chef-18.7.6/lib/chef/policy_builder/expand_node_object.rb:103:in `setup_run_context'
/opt/chef/embedded/lib/ruby/3.1.0/forwardable.rb:238:in `setup_run_context'
/opt/chef/embedded/lib/ruby/gems/3.1.0/gems/chef-18.7.6/lib/chef/client.rb:493:in `setup_run_context'
/opt/chef/embedded/lib/ruby/gems/3.1.0/gems/chef-18.7.6/lib/chef/client.rb:294:in `run'
/opt/chef/embedded/lib/ruby/gems/3.1.0/gems/chef-18.7.6/lib/chef/application.rb:305:in `run_with_graceful_exit_option'
/opt/chef/embedded/lib/ruby/gems/3.1.0/gems/chef-18.7.6/lib/chef/application.rb:281:in `block in run_chef_client'
/opt/chef/embedded/lib/ruby/gems/3.1.0/gems/chef-18.7.6/lib/chef/local_mode.rb:42:in `with_server_connectivity'
/opt/chef/embedded/lib/ruby/gems/3.1.0/gems/chef-18.7.6/lib/chef/application.rb:264:in `run_chef_client'
/opt/chef/embedded/lib/ruby/gems/3.1.0/gems/chef-18.7.6/lib/chef/application/base.rb:354:in `run_application'
/opt/chef/embedded/lib/ruby/gems/3.1.0/gems/chef-18.7.6/lib/chef/application.rb:67:in `run'
/opt/chef/embedded/lib/ruby/gems/3.1.0/gems/chef-18.7.6/lib/chef/application/solo.rb:60:in `run'
/opt/chef/embedded/lib/ruby/gems/3.1.0/gems/chef-bin-18.7.6/bin/chef-solo:24:in `<top (required)>'
/usr/bin/chef-solo:191:in `load'
/usr/bin/chef-solo:191:in `<main>'