Generated at 2025-07-21 12:30:07 +0000
Chef::Exceptions::ValidationFailed: Property warning_value must be one of: Float!  You passed 80.
/opt/chef/embedded/lib/ruby/gems/3.1.0/gems/chef-18.7.6/lib/chef/mixin/params_validate.rb:445:in `_pv_is'
/opt/chef/embedded/lib/ruby/gems/3.1.0/gems/chef-18.7.6/lib/chef/mixin/params_validate.rb:113:in `block (2 levels) in validate'
/opt/chef/embedded/lib/ruby/gems/3.1.0/gems/chef-18.7.6/lib/chef/mixin/params_validate.rb:110:in `each'
/opt/chef/embedded/lib/ruby/gems/3.1.0/gems/chef-18.7.6/lib/chef/mixin/params_validate.rb:110:in `block in validate'
/opt/chef/embedded/lib/ruby/gems/3.1.0/gems/chef-18.7.6/lib/chef/mixin/params_validate.rb:98:in `each'
/opt/chef/embedded/lib/ruby/gems/3.1.0/gems/chef-18.7.6/lib/chef/mixin/params_validate.rb:98:in `validate'
/opt/chef/embedded/lib/ruby/gems/3.1.0/gems/chef-18.7.6/lib/chef/property.rb:540:in `validate'
/opt/chef/embedded/lib/ruby/gems/3.1.0/gems/chef-18.7.6/lib/chef/property.rb:750:in `coerce_and_validate'
/opt/chef/embedded/lib/ruby/gems/3.1.0/gems/chef-18.7.6/lib/chef/property.rb:733:in `input_to_stored_value'
/opt/chef/embedded/lib/ruby/gems/3.1.0/gems/chef-18.7.6/lib/chef/property.rb:452:in `set'
/opt/chef/embedded/lib/ruby/gems/3.1.0/gems/chef-18.7.6/lib/chef/property.rb:373:in `call'
/opt/chef/embedded/lib/ruby/gems/3.1.0/gems/chef-18.7.6/lib/chef/property.rb:595:in `warning_value'
/root/axonops-chef/examples/rules/local-mode-cache/cache/cookbooks/axonops/recipes/alert_rules.rb:16:in `block in from_file'
/opt/chef/embedded/lib/ruby/gems/3.1.0/gems/chef-18.7.6/lib/chef/resource_builder.rb:70:in `instance_exec'
/opt/chef/embedded/lib/ruby/gems/3.1.0/gems/chef-18.7.6/lib/chef/resource_builder.rb:70:in `build'
/opt/chef/embedded/lib/ruby/gems/3.1.0/gems/chef-18.7.6/lib/chef/dsl/declare_resource.rb:313:in `build_resource'
/opt/chef/embedded/lib/ruby/gems/3.1.0/gems/chef-18.7.6/lib/chef/dsl/declare_resource.rb:265:in `declare_resource'
/opt/chef/embedded/lib/ruby/gems/3.1.0/gems/chef-18.7.6/lib/chef/dsl/resources.rb:36:in `axonops_alert_rule'
/root/axonops-chef/examples/rules/local-mode-cache/cache/cookbooks/axonops/recipes/alert_rules.rb:9:in `from_file'
/opt/chef/embedded/lib/ruby/gems/3.1.0/gems/chef-18.7.6/lib/chef/mixin/from_file.rb:34:in `instance_eval'
/opt/chef/embedded/lib/ruby/gems/3.1.0/gems/chef-18.7.6/lib/chef/mixin/from_file.rb:34:in `from_file'
/opt/chef/embedded/lib/ruby/gems/3.1.0/gems/chef-18.7.6/lib/chef/cookbook_version.rb:233:in `load_ruby_recipe'
/opt/chef/embedded/lib/ruby/gems/3.1.0/gems/chef-18.7.6/lib/chef/cookbook_version.rb:203:in `load_recipe'
/opt/chef/embedded/lib/ruby/gems/3.1.0/gems/chef-18.7.6/lib/chef/run_context.rb:429:in `load_recipe'
/opt/chef/embedded/lib/ruby/gems/3.1.0/gems/chef-18.7.6/lib/chef/run_context/cookbook_compiler.rb:228:in `block in compile_recipes'
/opt/chef/embedded/lib/ruby/gems/3.1.0/gems/chef-18.7.6/lib/chef/run_context/cookbook_compiler.rb:225:in `each'
/opt/chef/embedded/lib/ruby/gems/3.1.0/gems/chef-18.7.6/lib/chef/run_context/cookbook_compiler.rb:225:in `compile_recipes'
/opt/chef/embedded/lib/ruby/gems/3.1.0/gems/chef-18.7.6/lib/chef/run_context/cookbook_compiler.rb:109:in `compile'
/opt/chef/embedded/lib/ruby/gems/3.1.0/gems/chef-18.7.6/lib/chef/run_context.rb:259:in `load'
/opt/chef/embedded/lib/ruby/gems/3.1.0/gems/chef-18.7.6/lib/chef/policy_builder/expand_node_object.rb:103:in `setup_run_context'
/opt/chef/embedded/lib/ruby/3.1.0/forwardable.rb:238:in `setup_run_context'
/opt/chef/embedded/lib/ruby/gems/3.1.0/gems/chef-18.7.6/lib/chef/client.rb:493:in `setup_run_context'
/opt/chef/embedded/lib/ruby/gems/3.1.0/gems/chef-18.7.6/lib/chef/client.rb:294:in `run'
/opt/chef/embedded/lib/ruby/gems/3.1.0/gems/chef-18.7.6/lib/chef/application.rb:305:in `run_with_graceful_exit_option'
/opt/chef/embedded/lib/ruby/gems/3.1.0/gems/chef-18.7.6/lib/chef/application.rb:281:in `block in run_chef_client'
/opt/chef/embedded/lib/ruby/gems/3.1.0/gems/chef-18.7.6/lib/chef/local_mode.rb:42:in `with_server_connectivity'
/opt/chef/embedded/lib/ruby/gems/3.1.0/gems/chef-18.7.6/lib/chef/application.rb:264:in `run_chef_client'
/opt/chef/embedded/lib/ruby/gems/3.1.0/gems/chef-18.7.6/lib/chef/application/base.rb:354:in `run_application'
/opt/chef/embedded/lib/ruby/gems/3.1.0/gems/chef-18.7.6/lib/chef/application.rb:67:in `run'
/opt/chef/embedded/lib/ruby/gems/3.1.0/gems/chef-18.7.6/lib/chef/application/solo.rb:60:in `run'
/opt/chef/embedded/lib/ruby/gems/3.1.0/gems/chef-bin-18.7.6/bin/chef-solo:24:in `<top (required)>'
/usr/bin/chef-solo:191:in `load'
/usr/bin/chef-solo:191:in `<main>'